<?xml version="1.0" encoding="UTF-8"?>
<!-- Generated by org.testng.reporters.JUnitReportReporter -->
<testsuite hostname="DESKTOP-4S95062" failures="0" tests="1" name="com.Selenium.Training_TestCases.ExcelFileRead" time="0.900" errors="0" timestamp="2022-04-27T16:20:49 IST" skipped="0">
  <testcase classname="com.Selenium.Training_TestCases.ExcelFileRead" name="ReadData" time="0.900"/>
  <system-out/>
</testsuite> <!-- com.Selenium.Training_TestCases.ExcelFileRead -->
