<?xml version="1.0" encoding="UTF-8"?>
<!-- Generated by org.testng.reporters.JUnitReportReporter -->
<testsuite hostname="DESKTOP-4S95062" failures="0" tests="1" name="com.Selenium.Training_TestCases.TC_001_TextBox" time="0.567" errors="0" timestamp="2022-04-29T12:17:00 IST" skipped="0">
  <testcase classname="com.Selenium.Training_TestCases.TC_001_TextBox" name="Test_Textbox" time="0.567"/>
  <system-out/>
</testsuite> <!-- com.Selenium.Training_TestCases.TC_001_TextBox -->
