<?xml version="1.0" encoding="UTF-8"?>
<!-- Generated by org.testng.reporters.JUnitReportReporter -->
<testsuite hostname="DESKTOP-4S95062" failures="0" tests="1" name="com.Selenium.Training_TestCases.TC_010_Frames" time="0.499" errors="0" timestamp="2021-12-22T11:05:53 IST" skipped="0">
  <testcase classname="com.Selenium.Training_TestCases.TC_010_Frames" name="Test_Frames" time="0.499"/>
  <system-out/>
</testsuite> <!-- com.Selenium.Training_TestCases.TC_010_Frames -->
