<?xml version="1.0" encoding="UTF-8"?>
<!-- Generated by org.testng.reporters.JUnitReportReporter -->
<testsuite hostname="DESKTOP-4S95062" failures="0" tests="1" name="com.Selenium.Training_TestCases.DateTime" time="6.008" errors="0" timestamp="2022-04-28T12:32:25 IST" skipped="0">
  <testcase classname="com.Selenium.Training_TestCases.DateTime" name="Date" time="6.008"/>
  <system-out/>
</testsuite> <!-- com.Selenium.Training_TestCases.DateTime -->
