<?xml version="1.0" encoding="UTF-8"?>
<!-- Generated by org.testng.reporters.JUnitReportReporter -->
<testsuite hostname="DESKTOP-4S95062" failures="0" tests="1" name="com.Selenium.Training_TestCases.TC_005_Dropdown" time="6.834" errors="0" timestamp="2021-12-24T11:41:59 IST" skipped="0">
  <testcase classname="com.Selenium.Training_TestCases.TC_005_Dropdown" name="Test_DropDown" time="6.834"/>
  <system-out/>
</testsuite> <!-- com.Selenium.Training_TestCases.TC_005_Dropdown -->
