<?xml version="1.0" encoding="UTF-8"?>
<!-- Generated by org.testng.reporters.JUnitReportReporter -->
<testsuite hostname="DESKTOP-4S95062" failures="0" tests="1" name="com.Selenium.Training_TestCases.TC_003_Links" time="4.083" errors="0" timestamp="2022-04-29T12:17:44 IST" skipped="0">
  <testcase classname="com.Selenium.Training_TestCases.TC_003_Links" name="Test_Links" time="4.083"/>
  <system-out/>
</testsuite> <!-- com.Selenium.Training_TestCases.TC_003_Links -->
