<?xml version="1.0" encoding="UTF-8"?>
<!-- Generated by org.testng.reporters.JUnitReportReporter -->
<testsuite hostname="DESKTOP-4S95062" failures="0" tests="1" name="com.Selenium.Training_TestCases.TicketBooking" time="2.299" errors="0" timestamp="2022-04-26T12:55:36 IST" skipped="0">
  <testcase classname="com.Selenium.Training_TestCases.TicketBooking" name="TicketBook" time="2.299"/>
  <system-out/>
</testsuite> <!-- com.Selenium.Training_TestCases.TicketBooking -->
