<?xml version="1.0" encoding="UTF-8"?>
<!-- Generated by org.testng.reporters.JUnitReportReporter -->
<testsuite hostname="DESKTOP-4S95062" failures="0" tests="1" name="com.Selenium.Training_TestCases.Datadriven_Testdata" time="0.883" errors="0" timestamp="2022-04-20T10:06:47 IST" skipped="0">
  <testcase classname="com.Selenium.Training_TestCases.Datadriven_Testdata" name="TestData" time="0.883"/>
  <system-out/>
</testsuite> <!-- com.Selenium.Training_TestCases.Datadriven_Testdata -->
