<?xml version="1.0" encoding="UTF-8"?>
<!-- Generated by org.testng.reporters.JUnitReportReporter -->
<testsuite hostname="DESKTOP-4S95062" failures="0" tests="2" name="com.Selenium.Training_TestCases.TC_009_Alert" time="0.540" errors="0" timestamp="2021-12-22T11:05:53 IST" skipped="0">
  <testcase classname="com.Selenium.Training_TestCases.TC_009_Alert" name="Test_Alert" time="0.214"/>
  <system-out/>
  <testcase classname="com.Selenium.Training_TestCases.TC_009_Alert" name="Test_Alert" time="0.326"/>
  <system-out/>
</testsuite> <!-- com.Selenium.Training_TestCases.TC_009_Alert -->
