<?xml version="1.0" encoding="UTF-8"?>
<!-- Generated by org.testng.reporters.JUnitReportReporter -->
<testsuite hostname="DESKTOP-4S95062" failures="0" tests="1" name="com.Selenium.Training_TestCases.BootstrapDropdown" time="0.389" errors="0" timestamp="2021-12-22T11:05:53 IST" skipped="0">
  <testcase classname="com.Selenium.Training_TestCases.BootstrapDropdown" name="Test_DropDown" time="0.389"/>
  <system-out/>
</testsuite> <!-- com.Selenium.Training_TestCases.BootstrapDropdown -->
