<?xml version="1.0" encoding="UTF-8"?>
<!-- Generated by org.testng.reporters.JUnitReportReporter -->
<testsuite hostname="DESKTOP-4S95062" failures="0" tests="1" name="com.Selenium.Training_TestCases.TC_21_LoginPage" time="8.256" errors="0" timestamp="2022-01-18T11:11:11 IST" skipped="0">
  <testcase classname="com.Selenium.Training_TestCases.TC_21_LoginPage" name="Test_Login" time="8.256"/>
  <system-out/>
</testsuite> <!-- com.Selenium.Training_TestCases.TC_21_LoginPage -->
