<?xml version="1.0" encoding="UTF-8"?>
<!-- Generated by org.testng.reporters.JUnitReportReporter -->
<testsuite hostname="DESKTOP-4S95062" failures="0" tests="1" name="com.Selenium.Training_TestCases.TC_004_Images" time="1.969" errors="0" timestamp="2021-12-22T11:05:53 IST" skipped="0">
  <testcase classname="com.Selenium.Training_TestCases.TC_004_Images" name="Test_Images" time="1.969"/>
  <system-out/>
</testsuite> <!-- com.Selenium.Training_TestCases.TC_004_Images -->
