<?xml version="1.0" encoding="UTF-8"?>
<!-- Generated by org.testng.reporters.JUnitReportReporter -->
<testsuite hostname="DESKTOP-4S95062" failures="0" tests="1" name="com.Selenium.Training_TestCases.TC_014_Selectable" time="1.076" errors="0" timestamp="2021-12-29T11:56:29 IST" skipped="0">
  <testcase classname="com.Selenium.Training_TestCases.TC_014_Selectable" name="Test_Selectable" time="1.076"/>
  <system-out/>
</testsuite> <!-- com.Selenium.Training_TestCases.TC_014_Selectable -->
