<?xml version="1.0" encoding="UTF-8"?>
<!-- Generated by org.testng.reporters.JUnitReportReporter -->
<testsuite hostname="DESKTOP-4S95062" failures="0" tests="1" name="com.Selenium.Training_TestCases.TC_008_WebTable" time="20.066" errors="0" timestamp="2022-04-29T09:43:25 IST" skipped="0">
  <testcase classname="com.Selenium.Training_TestCases.TC_008_WebTable" name="Test_WebTable" time="20.066"/>
  <system-out/>
</testsuite> <!-- com.Selenium.Training_TestCases.TC_008_WebTable -->
