<?xml version="1.0" encoding="UTF-8"?>
<!-- Generated by org.testng.reporters.JUnitReportReporter -->
<testsuite hostname="DESKTOP-4S95062" failures="0" tests="1" name="com.Selenium.Training_TestCases.HeadlessBrowser" time="1.272" errors="0" timestamp="2021-12-23T09:47:31 IST" skipped="0">
  <testcase classname="com.Selenium.Training_TestCases.HeadlessBrowser" name="headlessbrowser" time="1.272"/>
  <system-out/>
</testsuite> <!-- com.Selenium.Training_TestCases.HeadlessBrowser -->
