<?xml version="1.0" encoding="UTF-8"?>
<!-- Generated by org.testng.reporters.JUnitReportReporter -->
<testsuite hostname="DESKTOP-4S95062" failures="0" tests="1" name="com.Selenium.Training_TestCases.Amazon_Dropdown" time="4.627" errors="0" timestamp="2022-04-19T13:18:11 IST" skipped="0">
  <testcase classname="com.Selenium.Training_TestCases.Amazon_Dropdown" name="user_is_on_homepage" time="4.627"/>
  <system-out/>
</testsuite> <!-- com.Selenium.Training_TestCases.Amazon_Dropdown -->
