<?xml version="1.0" encoding="UTF-8"?>
<!-- Generated by org.testng.reporters.JUnitReportReporter -->
<testsuite hostname="DESKTOP-4S95062" failures="0" tests="1" name="com.Selenium.Training_TestCases.TC_Dropdown" time="3.526" errors="0" timestamp="2021-12-24T14:31:37 IST" skipped="0">
  <testcase classname="com.Selenium.Training_TestCases.TC_Dropdown" name="Drop" time="3.526"/>
  <system-out/>
</testsuite> <!-- com.Selenium.Training_TestCases.TC_Dropdown -->
