<?xml version="1.0" encoding="UTF-8"?>
<!-- Generated by org.testng.reporters.JUnitReportReporter -->
<testsuite skipped="0" hostname="DESKTOP-4S95062" name="com.Selenium.Training_TestCases.TC_012_Calendar" tests="1" failures="0" timestamp="2022-05-02T13:31:02 IST" time="5.703" errors="0">
  <testcase name="Test_Calendar" time="5.703" classname="com.Selenium.Training_TestCases.TC_012_Calendar"/>
  <system-out/>
</testsuite> <!-- com.Selenium.Training_TestCases.TC_012_Calendar -->
