<?xml version="1.0" encoding="UTF-8"?>
<!-- Generated by org.testng.reporters.JUnitReportReporter -->
<testsuite skipped="0" hostname="DESKTOP-4S95062" name="com.Selenium.Training_TestCases.TC_003_Links" tests="1" failures="0" timestamp="2022-05-02T13:47:56 IST" time="4.082" errors="0">
  <testcase name="Test_Links" time="4.082" classname="com.Selenium.Training_TestCases.TC_003_Links"/>
  <system-out/>
</testsuite> <!-- com.Selenium.Training_TestCases.TC_003_Links -->
